
Showing logs for build [32mcb-kubecd-environment-pr-102-21-b2tlw-1[0m stage [32mfrom-build-pack[0m and container [32mstep-credential-initializer-4c6hk[0m
{"level":"warn","ts":1576063215.585581,"logger":"fallback-logger","caller":"logging/config.go:69","msg":"Fetch GitHub commit ID from kodata failed: \"ref: refs/heads/master\" is not a valid GitHub commit ID"}
{"level":"info","ts":1576063215.5861695,"logger":"fallback-logger","caller":"creds-init/main.go:40","msg":"Credentials initialized."}

Showing logs for build [32mcb-kubecd-environment-pr-102-21-b2tlw-1[0m stage [32mfrom-build-pack[0m and container [32mstep-working-dir-initializer-n5x9q[0m
{"level":"warn","ts":1576063216.5752354,"logger":"fallback-logger","caller":"logging/config.go:69","msg":"Fetch GitHub commit ID from kodata failed: open /var/run/ko/HEAD: no such file or directory"}
{"level":"info","ts":1576063216.5775583,"logger":"fallback-logger","caller":"bash/main.go:65","msg":"Successfully executed command \"mkdir -p /workspace/source\""}

Showing logs for build [32mcb-kubecd-environment-pr-102-21-b2tlw-1[0m stage [32mfrom-build-pack[0m and container [32mstep-place-tools[0m

Showing logs for build [32mcb-kubecd-environment-pr-102-21-b2tlw-1[0m stage [32mfrom-build-pack[0m and container [32mstep-git-source-cb-kubecd-environment-pr-102-21-4w2d8[0m
{"level":"warn","ts":1576063221.7643366,"logger":"fallback-logger","caller":"logging/config.go:69","msg":"Fetch GitHub commit ID from kodata failed: \"ref: refs/heads/master\" is not a valid GitHub commit ID"}
{"level":"info","ts":1576063222.456662,"logger":"fallback-logger","caller":"git/git.go:102","msg":"Successfully cloned https://github.com/cb-kubecd/environment-pr-102-21-boot-gke-staging.git @ master in path /workspace/source"}

Showing logs for build [32mcb-kubecd-environment-pr-102-21-b2tlw-1[0m stage [32mfrom-build-pack[0m and container [32mstep-git-merge[0m
Using SHAs from PULL_REFS=master:73f2320cbc16d8247b2e1147b3a6bc8f161f4dd1,3:39cf2582b693e9d5a3e79978c95f7ee327abda31
DEBUG: ran git fetch --unshallow origin 39cf2582b693e9d5a3e79978c95f7ee327abda31: 73f2320cbc16d8247b2e1147b3a6bc8f161f4dd1: in 
DEBUG: ran git checkout master in 
DEBUG: ran git reset --hard 73f2320cbc16d8247b2e1147b3a6bc8f161f4dd1 in 
DEBUG: ran clean --force -d . in 
DEBUG: ran git merge 39cf2582b693e9d5a3e79978c95f7ee327abda31 in 
Merged SHA 39cf2582b693e9d5a3e79978c95f7ee327abda31 with commit message 'chore: Promote bdd-sbhg-1576060336 to version 0.0.1' into base branch master

Showing logs for build [32mcb-kubecd-environment-pr-102-21-b2tlw-1[0m stage [32mfrom-build-pack[0m and container [32mstep-build-helm-build[0m
WARNING: No $CHART_REPOSITORY defined so using the default value of: http://jenkins-x-chartmuseum:8080
Adding missing Helm repo: storage.googleapis.com https://storage.googleapis.com/chartmuseum.jenkins-x.io
Read credentials for https://storage.googleapis.com/chartmuseum.jenkins-x.io from vault helm/repos
Successfully added Helm repository storage.googleapis.com.
Adding missing Helm repo: jenkins-x-chartmuseum http://jenkins-x-chartmuseum:8080
Read credentials for http://jenkins-x-chartmuseum:8080 from vault helm/repos
Successfully added Helm repository jenkins-x-chartmuseum.
WARNING: No $CHART_REPOSITORY defined so using the default value of: http://jenkins-x-chartmuseum:8080
Adding missing Helm repo: chartmuseum.jenkins-x.io http://chartmuseum.jenkins-x.io
Read credentials for http://chartmuseum.jenkins-x.io from vault helm/repos
Successfully added Helm repository chartmuseum.jenkins-x.io.
