
Showing logs for build [32mmeta-cb-kubecd-environment-pr-1-2497d-2[0m stage [32mmeta-pipeline[0m and container [32mstep-credential-initializer-46nw5[0m
{"level":"warn","ts":1576063310.3794193,"logger":"fallback-logger","caller":"logging/config.go:69","msg":"Fetch GitHub commit ID from kodata failed: \"ref: refs/heads/master\" is not a valid GitHub commit ID"}
{"level":"info","ts":1576063310.3801057,"logger":"fallback-logger","caller":"creds-init/main.go:40","msg":"Credentials initialized."}

Showing logs for build [32mmeta-cb-kubecd-environment-pr-1-2497d-2[0m stage [32mmeta-pipeline[0m and container [32mstep-working-dir-initializer-grl4v[0m
{"level":"warn","ts":1576063311.4831238,"logger":"fallback-logger","caller":"logging/config.go:69","msg":"Fetch GitHub commit ID from kodata failed: open /var/run/ko/HEAD: no such file or directory"}
{"level":"info","ts":1576063311.4892728,"logger":"fallback-logger","caller":"bash/main.go:65","msg":"Successfully executed command \"mkdir -p /workspace/source\""}

Showing logs for build [32mmeta-cb-kubecd-environment-pr-1-2497d-2[0m stage [32mmeta-pipeline[0m and container [32mstep-place-tools[0m

Showing logs for build [32mmeta-cb-kubecd-environment-pr-1-2497d-2[0m stage [32mmeta-pipeline[0m and container [32mstep-git-source-meta-cb-kubecd-environment-pr-1-9kthh[0m
{"level":"warn","ts":1576063317.620727,"logger":"fallback-logger","caller":"logging/config.go:69","msg":"Fetch GitHub commit ID from kodata failed: \"ref: refs/heads/master\" is not a valid GitHub commit ID"}
{"level":"info","ts":1576063318.828255,"logger":"fallback-logger","caller":"git/git.go:102","msg":"Successfully cloned https://github.com/cb-kubecd/environment-pr-102-21-boot-gke-staging.git @ b4617b47b9d857f2b5bf2ddcd23e62f88f70589e in path /workspace/source"}

Showing logs for build [32mmeta-cb-kubecd-environment-pr-1-2497d-2[0m stage [32mmeta-pipeline[0m and container [32mstep-git-merge[0m
Using SHAs from PULL_REFS=master:b4617b47b9d857f2b5bf2ddcd23e62f88f70589e,2:166c0b035dc8e922ee7f0b18c82876abcb7a2a4f
DEBUG: ran git fetch --unshallow origin 166c0b035dc8e922ee7f0b18c82876abcb7a2a4f: b4617b47b9d857f2b5bf2ddcd23e62f88f70589e: in 
DEBUG: ran git checkout master in 
DEBUG: ran git reset --hard b4617b47b9d857f2b5bf2ddcd23e62f88f70589e in 
DEBUG: ran clean --force -d . in 
error: error during merge: merging 166c0b035dc8e922ee7f0b18c82876abcb7a2a4f into master: git output: Auto-merging env/requirements.yaml
CONFLICT (content): Merge conflict in env/requirements.yaml
Automatic merge failed; fix conflicts and then commit the result.: failed to run 'git merge 166c0b035dc8e922ee7f0b18c82876abcb7a2a4f' command in directory '', output: 'Auto-merging env/requirements.yaml
CONFLICT (content): Merge conflict in env/requirements.yaml
Automatic merge failed; fix conflicts and then commit the result.'
[31m
Pipeline failed on stage 'meta-pipeline' : container 'step-git-merge'. The execution of the pipeline has stopped.[0m
